<?xml version="1.0" encoding="UTF-8"?>
<!-- Generated by org.testng.reporters.JUnitXMLReporter -->
<testsuite ignored="0" hostname="Neelam" failures="0" tests="5" name="Test" time="68.976" errors="0" timestamp="2025-12-23T13:36:19 IST">
  <testcase classname="testCase.TC003_LoginDDT" name="verify_login_DDT" time="3.875"/>
  <testcase classname="testCase.TC003_LoginDDT" name="verify_login_DDT" time="12.413"/>
  <testcase classname="testCase.TC003_LoginDDT" name="verify_login_DDT" time="13.709"/>
  <testcase classname="testCase.TC003_LoginDDT" name="verify_login_DDT" time="12.153"/>
  <testcase classname="testCase.TC003_LoginDDT" name="verify_login_DDT" time="3.791"/>
</testsuite> <!-- Test -->
