<?xml version="1.0" encoding="UTF-8"?>
<!-- Generated by org.testng.reporters.JUnitXMLReporter -->
<testsuite ignored="0" hostname="Neelam" failures="0" tests="5" name="Test" time="82.54" errors="0" timestamp="2026-02-12T23:04:04 IST">
  <testcase classname="testCase.TC003_LoginDDT" name="verify_login_DDT" time="3.762"/>
  <testcase classname="testCase.TC003_LoginDDT" name="verify_login_DDT" time="13.474"/>
  <testcase classname="testCase.TC003_LoginDDT" name="verify_login_DDT" time="12.697"/>
  <testcase classname="testCase.TC003_LoginDDT" name="verify_login_DDT" time="12.472"/>
  <testcase classname="testCase.TC003_LoginDDT" name="verify_login_DDT" time="4.129"/>
</testsuite> <!-- Test -->
