<?xml version="1.0" encoding="UTF-8"?>
<!-- Generated by org.testng.reporters.JUnitXMLReporter -->
<testsuite ignored="0" hostname="Neelam" failures="1" tests="2" name="Test" time="27.931" errors="0" timestamp="2025-12-20T20:43:41 IST">
  <testcase classname="testCase.TC001_AccountRegistrationTest" name="verify_account_registratin" time="4.543">
    <failure type="java.lang.AssertionError" message="expected [true] but found [false]">
      <![CDATA[java.lang.AssertionError: expected [true] but found [false]
at testCase.TC001_AccountRegistrationTest.verify_account_registratin(TC001_AccountRegistrationTest.java:56)
at java.base/java.util.ArrayList.forEach(ArrayList.java:1511)
... Removed 31 stack frames]]>
    </failure>
  </testcase> <!-- verify_account_registratin -->
  <testcase classname="testCase.TC002_LoginTest" name="verify_login" time="2.864"/>
</testsuite> <!-- Test -->
