<?xml version="1.0" encoding="UTF-8"?>
<!-- Generated by org.testng.reporters.JUnitXMLReporter -->
<testsuite ignored="0" hostname="Neelam" failures="1" tests="1" name="firefoxTest" time="29.661" errors="0" timestamp="2025-12-19T15:08:31 IST">
  <testcase classname="testCase.TC001_AccountRegistrationTest" name="verify_account_registratin" time="4.501">
    <failure type="java.lang.AssertionError" message="expected [true] but found [false]">
      <![CDATA[java.lang.AssertionError: expected [true] but found [false]
at testCase.TC001_AccountRegistrationTest.verify_account_registratin(TC001_AccountRegistrationTest.java:55)
at java.base/java.util.ArrayList.forEach(ArrayList.java:1511)
at java.base/java.util.concurrent.FutureTask.run(FutureTask.java:264)
at java.base/java.util.concurrent.ThreadPoolExecutor.runWorker(ThreadPoolExecutor.java:1130)
at java.base/java.util.concurrent.ThreadPoolExecutor$Worker.run(ThreadPoolExecutor.java:630)
at java.base/java.lang.Thread.run(Thread.java:832)
... Removed 21 stack frames]]>
    </failure>
  </testcase> <!-- verify_account_registratin -->
</testsuite> <!-- firefoxTest -->
