<?xml version="1.0" encoding="UTF-8"?>
<!-- Generated by org.testng.reporters.JUnitXMLReporter -->
<testsuite ignored="0" hostname="Neelam" failures="1" tests="1" name="Test" time="29.435" errors="0" timestamp="2025-12-19T15:27:44 IST">
  <testcase classname="testCase.TC001_AccountRegistrationTest" name="verify_account_registratin" time="4.704">
    <failure type="java.lang.AssertionError" message="expected [true] but found [false]">
      <![CDATA[java.lang.AssertionError: expected [true] but found [false]
at testCase.TC001_AccountRegistrationTest.verify_account_registratin(TC001_AccountRegistrationTest.java:55)
at java.base/java.util.ArrayList.forEach(ArrayList.java:1511)
... Removed 31 stack frames]]>
    </failure>
  </testcase> <!-- verify_account_registratin -->
</testsuite> <!-- Test -->
