<?xml version="1.0" encoding="UTF-8"?>
<testsuite xmlns:xsi="http://www.w3.org/2001/XMLSchema-instance" xsi:noNamespaceSchemaLocation="https://maven.apache.org/surefire/maven-surefire-plugin/xsd/surefire-test-report.xsd" version="3.0.2" name="TestSuite" time="88.88" tests="5" errors="0" skipped="0" failures="0">
  <properties>
[...]
</properties>
  <testcase name="verify_login_DDT[aswapnil40@gmail.com, Swap@777, valid](1)" classname="testCase.TC003_LoginDDT" time="3.864">
    <system-err><![CDATA[2026-02-12T17:32:38.020672Z main INFO Starting configuration XmlConfiguration[location=C:\Users\user\eclipse-workspace\OpenCartProject\target\test-classes\log4j2.xml, lastModified=2025-12-19T09:10:30.959Z]...
2026-02-12T17:32:38.025663800Z main INFO Configuration XmlConfiguration[location=C:\Users\user\eclipse-workspace\OpenCartProject\target\test-classes\log4j2.xml, lastModified=2025-12-19T09:10:30.959Z] started.
2026-02-12T17:32:38.031174600Z main INFO Stopping configuration org.apache.logging.log4j.core.config.DefaultConfiguration@1e683a3e...
2026-02-12T17:32:38.031174600Z main INFO Configuration org.apache.logging.log4j.core.config.DefaultConfiguration@1e683a3e stopped.
Feb 12, 2026 11:03:02 PM org.openqa.selenium.devtools.CdpVersionFinder findNearestMatch
WARNING: Unable to find an exact match for CDP version 144, returning the closest version; found: 143; Please update to a Selenium version that supports CDP version 144
]]></system-err>
  </testcase>
  <testcase name="verify_login_DDT[efg@yahoo.com, swap, invalid](2)" classname="testCase.TC003_LoginDDT" time="13.461"/>
  <testcase name="verify_login_DDT[pqr@yahoo.com, swapnil, invalid](3)" classname="testCase.TC003_LoginDDT" time="12.698"/>
  <testcase name="verify_login_DDT[xyz@gmail.com, xyz, invalid](4)" classname="testCase.TC003_LoginDDT" time="12.472"/>
  <testcase name="verify_login_DDT[admane123@gmail.com, test@123, valid](5)" classname="testCase.TC003_LoginDDT" time="4.14"/>
</testsuite>