<?xml version="1.0" encoding="UTF-8"?>
<!-- Generated by org.testng.reporters.JUnitReportReporter -->
<testsuite hostname="Neelam" failures="0" tests="5" name="testCase.TC003_LoginDDT" time="42.653" errors="0" timestamp="2025-12-20T14:29:16 IST" skipped="0">
  <testcase classname="testCase.TC003_LoginDDT" name="verify_login_DDT" time="11.955"/>
  <testcase classname="testCase.TC003_LoginDDT" name="verify_login_DDT" time="2.329"/>
  <testcase classname="testCase.TC003_LoginDDT" name="verify_login_DDT" time="4.042"/>
  <testcase classname="testCase.TC003_LoginDDT" name="verify_login_DDT" time="12.345"/>
  <testcase classname="testCase.TC003_LoginDDT" name="verify_login_DDT" time="11.982"/>
</testsuite> <!-- testCase.TC003_LoginDDT -->
