<?xml version="1.0" encoding="UTF-8"?>
<!-- Generated by org.testng.reporters.JUnitReportReporter -->
<testsuite hostname="Neelam" failures="0" tests="5" name="testCase.TC003_LoginDDT" time="45.941" errors="0" timestamp="2025-12-23T13:36:19 IST" skipped="0">
  <testcase classname="testCase.TC003_LoginDDT" name="verify_login_DDT" time="3.875"/>
  <testcase classname="testCase.TC003_LoginDDT" name="verify_login_DDT" time="3.791"/>
  <testcase classname="testCase.TC003_LoginDDT" name="verify_login_DDT" time="12.413"/>
  <testcase classname="testCase.TC003_LoginDDT" name="verify_login_DDT" time="13.709"/>
  <testcase classname="testCase.TC003_LoginDDT" name="verify_login_DDT" time="12.153"/>
</testsuite> <!-- testCase.TC003_LoginDDT -->
