<?xml version="1.0" encoding="UTF-8"?>
<!-- Generated by org.testng.reporters.JUnitReportReporter -->
<testsuite hostname="Neelam" failures="0" tests="5" name="testCase.TC003_LoginDDT" time="46.534" errors="0" timestamp="2026-02-12T23:04:05 IST" skipped="0">
  <testcase classname="testCase.TC003_LoginDDT" name="verify_login_DDT" time="3.762"/>
  <testcase classname="testCase.TC003_LoginDDT" name="verify_login_DDT" time="12.697"/>
  <testcase classname="testCase.TC003_LoginDDT" name="verify_login_DDT" time="13.474"/>
  <testcase classname="testCase.TC003_LoginDDT" name="verify_login_DDT" time="4.129"/>
  <testcase classname="testCase.TC003_LoginDDT" name="verify_login_DDT" time="12.472"/>
</testsuite> <!-- testCase.TC003_LoginDDT -->
